2023-03-22 23:09:48,956 [Worker-3: Loading available Gradle versions] INFO  o.e.b.c.i.u.g.PublishedGradleVersions - Gradle version information cache is up-to-date. Trying to read.
2023-03-22 23:10:14,526 [Worker-2: Building] INFO  o.e.m.c.i.l.LifecycleMappingFactory - Using org.eclipse.m2e.jdt.JarLifecycleMapping lifecycle mapping for MavenProject: com.example:cau1:0.0.1-SNAPSHOT @ D:\H?c k? 6 (2022-2023)\Công ngh? Java\Th?c hành\Lab 6\cau1\pom.xml.
2023-03-22 23:10:18,000 [Worker-2: Building] INFO  o.e.m.c.i.embedder.EclipseLogger - Using 'UTF-8' encoding to copy filtered resources.
2023-03-22 23:10:18,000 [Worker-2: Building] INFO  o.e.m.c.i.embedder.EclipseLogger - Using 'UTF-8' encoding to copy filtered properties files.
2023-03-22 23:10:18,010 [Worker-2: Building] INFO  o.e.m.c.i.embedder.EclipseLogger - Copying 1 resource
2023-03-22 23:10:18,041 [Worker-2: Building] INFO  o.e.m.c.i.embedder.EclipseLogger - Copying 1 resource
2023-03-22 23:10:18,059 [Worker-2: Building] INFO  o.e.m.c.i.embedder.EclipseLogger - Using 'UTF-8' encoding to copy filtered resources.
2023-03-22 23:10:18,059 [Worker-2: Building] INFO  o.e.m.c.i.embedder.EclipseLogger - Using 'UTF-8' encoding to copy filtered properties files.
2023-03-22 23:10:18,059 [Worker-2: Building] INFO  o.e.m.c.i.embedder.EclipseLogger - skip non existing resourceDirectory D:\H?c k? 6 (2022-2023)\Công ngh? Java\Th?c hành\Lab 6\cau1\src\test\resources
2023-03-22 23:10:38,809 [Worker-10: Launching Executing clean in D__H?c k? 6 (2022-2023)_Công ngh? Java_Th?c hành_Lab 6_cau1] INFO  o.eclipse.m2e.core.internal.Bundles - getClasspathEntries(Bundle=org.eclipse.m2e.maven.runtime_3.8.701.20230209-1606 [346])
2023-03-22 23:10:38,818 [Worker-10: Launching Executing clean in D__H?c k? 6 (2022-2023)_Công ngh? Java_Th?c hành_Lab 6_cau1] INFO  o.eclipse.m2e.core.internal.Bundles - 	Entry: D:\Download\Spring boot\sts-4.18.0.RELEASE\plugins\org.eclipse.m2e.maven.runtime_3.8.701.20230209-1606
2023-03-22 23:10:38,819 [Worker-10: Launching Executing clean in D__H?c k? 6 (2022-2023)_Công ngh? Java_Th?c hành_Lab 6_cau1] INFO  o.eclipse.m2e.core.internal.Bundles - 	Entry: D:\Download\Spring boot\sts-4.18.0.RELEASE\plugins\org.eclipse.m2e.maven.runtime_3.8.701.20230209-1606\jars\aether-connector-okhttp-0.17.8.jar
2023-03-22 23:10:38,820 [Worker-10: Launching Executing clean in D__H?c k? 6 (2022-2023)_Công ngh? Java_Th?c hành_Lab 6_cau1] INFO  o.eclipse.m2e.core.internal.Bundles - 	Entry: D:\Download\Spring boot\sts-4.18.0.RELEASE\plugins\org.eclipse.m2e.maven.runtime_3.8.701.20230209-1606\jars\commons-lang3-3.8.1.jar
2023-03-22 23:10:38,820 [Worker-10: Launching Executing clean in D__H?c k? 6 (2022-2023)_Công ngh? Java_Th?c hành_Lab 6_cau1] INFO  o.eclipse.m2e.core.internal.Bundles - 	Entry: D:\Download\Spring boot\sts-4.18.0.RELEASE\plugins\org.eclipse.m2e.maven.runtime_3.8.701.20230209-1606\jars\guice-4.2.2-no_aop.jar
2023-03-22 23:10:38,820 [Worker-10: Launching Executing clean in D__H?c k? 6 (2022-2023)_Công ngh? Java_Th?c hành_Lab 6_cau1] INFO  o.eclipse.m2e.core.internal.Bundles - 	Entry: D:\Download\Spring boot\sts-4.18.0.RELEASE\plugins\org.eclipse.m2e.maven.runtime_3.8.701.20230209-1606\jars\jansi-2.4.0.jar
2023-03-22 23:10:38,821 [Worker-10: Launching Executing clean in D__H?c k? 6 (2022-2023)_Công ngh? Java_Th?c hành_Lab 6_cau1] INFO  o.eclipse.m2e.core.internal.Bundles - 	Entry: D:\Download\Spring boot\sts-4.18.0.RELEASE\plugins\org.eclipse.m2e.maven.runtime_3.8.701.20230209-1606\jars\maven-artifact-3.8.7.jar
2023-03-22 23:10:38,821 [Worker-10: Launching Executing clean in D__H?c k? 6 (2022-2023)_Công ngh? Java_Th?c hành_Lab 6_cau1] INFO  o.eclipse.m2e.core.internal.Bundles - 	Entry: D:\Download\Spring boot\sts-4.18.0.RELEASE\plugins\org.eclipse.m2e.maven.runtime_3.8.701.20230209-1606\jars\maven-builder-support-3.8.7.jar
2023-03-22 23:10:38,821 [Worker-10: Launching Executing clean in D__H?c k? 6 (2022-2023)_Công ngh? Java_Th?c hành_Lab 6_cau1] INFO  o.eclipse.m2e.core.internal.Bundles - 	Entry: D:\Download\Spring boot\sts-4.18.0.RELEASE\plugins\org.eclipse.m2e.maven.runtime_3.8.701.20230209-1606\jars\maven-compat-3.8.7.jar
2023-03-22 23:10:38,821 [Worker-10: Launching Executing clean in D__H?c k? 6 (2022-2023)_Công ngh? Java_Th?c hành_Lab 6_cau1] INFO  o.eclipse.m2e.core.internal.Bundles - 	Entry: D:\Download\Spring boot\sts-4.18.0.RELEASE\plugins\org.eclipse.m2e.maven.runtime_3.8.701.20230209-1606\jars\maven-core-3.8.7.jar
2023-03-22 23:10:38,822 [Worker-10: Launching Executing clean in D__H?c k? 6 (2022-2023)_Công ngh? Java_Th?c hành_Lab 6_cau1] INFO  o.eclipse.m2e.core.internal.Bundles - 	Entry: D:\Download\Spring boot\sts-4.18.0.RELEASE\plugins\org.eclipse.m2e.maven.runtime_3.8.701.20230209-1606\jars\maven-embedder-3.8.7.jar
2023-03-22 23:10:38,822 [Worker-10: Launching Executing clean in D__H?c k? 6 (2022-2023)_Công ngh? Java_Th?c hành_Lab 6_cau1] INFO  o.eclipse.m2e.core.internal.Bundles - 	Entry: D:\Download\Spring boot\sts-4.18.0.RELEASE\plugins\org.eclipse.m2e.maven.runtime_3.8.701.20230209-1606\jars\maven-model-3.8.7.jar
2023-03-22 23:10:38,822 [Worker-10: Launching Executing clean in D__H?c k? 6 (2022-2023)_Công ngh? Java_Th?c hành_Lab 6_cau1] INFO  o.eclipse.m2e.core.internal.Bundles - 	Entry: D:\Download\Spring boot\sts-4.18.0.RELEASE\plugins\org.eclipse.m2e.maven.runtime_3.8.701.20230209-1606\jars\maven-model-builder-3.8.7.jar
2023-03-22 23:10:38,822 [Worker-10: Launching Executing clean in D__H?c k? 6 (2022-2023)_Công ngh? Java_Th?c hành_Lab 6_cau1] INFO  o.eclipse.m2e.core.internal.Bundles - 	Entry: D:\Download\Spring boot\sts-4.18.0.RELEASE\plugins\org.eclipse.m2e.maven.runtime_3.8.701.20230209-1606\jars\maven-plugin-api-3.8.7.jar
2023-03-22 23:10:38,823 [Worker-10: Launching Executing clean in D__H?c k? 6 (2022-2023)_Công ngh? Java_Th?c hành_Lab 6_cau1] INFO  o.eclipse.m2e.core.internal.Bundles - 	Entry: D:\Download\Spring boot\sts-4.18.0.RELEASE\plugins\org.eclipse.m2e.maven.runtime_3.8.701.20230209-1606\jars\maven-repository-metadata-3.8.7.jar
2023-03-22 23:10:38,823 [Worker-10: Launching Executing clean in D__H?c k? 6 (2022-2023)_Công ngh? Java_Th?c hành_Lab 6_cau1] INFO  o.eclipse.m2e.core.internal.Bundles - 	Entry: D:\Download\Spring boot\sts-4.18.0.RELEASE\plugins\org.eclipse.m2e.maven.runtime_3.8.701.20230209-1606\jars\maven-resolver-api-1.6.3.jar
2023-03-22 23:10:38,823 [Worker-10: Launching Executing clean in D__H?c k? 6 (2022-2023)_Công ngh? Java_Th?c hành_Lab 6_cau1] INFO  o.eclipse.m2e.core.internal.Bundles - 	Entry: D:\Download\Spring boot\sts-4.18.0.RELEASE\plugins\org.eclipse.m2e.maven.runtime_3.8.701.20230209-1606\jars\maven-resolver-connector-basic-1.6.3.jar
2023-03-22 23:10:38,824 [Worker-10: Launching Executing clean in D__H?c k? 6 (2022-2023)_Công ngh? Java_Th?c hành_Lab 6_cau1] INFO  o.eclipse.m2e.core.internal.Bundles - 	Entry: D:\Download\Spring boot\sts-4.18.0.RELEASE\plugins\org.eclipse.m2e.maven.runtime_3.8.701.20230209-1606\jars\maven-resolver-impl-1.6.3.jar
2023-03-22 23:10:38,824 [Worker-10: Launching Executing clean in D__H?c k? 6 (2022-2023)_Công ngh? Java_Th?c hành_Lab 6_cau1] INFO  o.eclipse.m2e.core.internal.Bundles - 	Entry: D:\Download\Spring boot\sts-4.18.0.RELEASE\plugins\org.eclipse.m2e.maven.runtime_3.8.701.20230209-1606\jars\maven-resolver-provider-3.8.7.jar
2023-03-22 23:10:38,824 [Worker-10: Launching Executing clean in D__H?c k? 6 (2022-2023)_Công ngh? Java_Th?c hành_Lab 6_cau1] INFO  o.eclipse.m2e.core.internal.Bundles - 	Entry: D:\Download\Spring boot\sts-4.18.0.RELEASE\plugins\org.eclipse.m2e.maven.runtime_3.8.701.20230209-1606\jars\maven-resolver-spi-1.6.3.jar
2023-03-22 23:10:38,824 [Worker-10: Launching Executing clean in D__H?c k? 6 (2022-2023)_Công ngh? Java_Th?c hành_Lab 6_cau1] INFO  o.eclipse.m2e.core.internal.Bundles - 	Entry: D:\Download\Spring boot\sts-4.18.0.RELEASE\plugins\org.eclipse.m2e.maven.runtime_3.8.701.20230209-1606\jars\maven-resolver-transport-wagon-1.6.3.jar
2023-03-22 23:10:38,825 [Worker-10: Launching Executing clean in D__H?c k? 6 (2022-2023)_Công ngh? Java_Th?c hành_Lab 6_cau1] INFO  o.eclipse.m2e.core.internal.Bundles - 	Entry: D:\Download\Spring boot\sts-4.18.0.RELEASE\plugins\org.eclipse.m2e.maven.runtime_3.8.701.20230209-1606\jars\maven-resolver-util-1.6.3.jar
2023-03-22 23:10:38,825 [Worker-10: Launching Executing clean in D__H?c k? 6 (2022-2023)_Công ngh? Java_Th?c hành_Lab 6_cau1] INFO  o.eclipse.m2e.core.internal.Bundles - 	Entry: D:\Download\Spring boot\sts-4.18.0.RELEASE\plugins\org.eclipse.m2e.maven.runtime_3.8.701.20230209-1606\jars\maven-settings-3.8.7.jar
2023-03-22 23:10:38,825 [Worker-10: Launching Executing clean in D__H?c k? 6 (2022-2023)_Công ngh? Java_Th?c hành_Lab 6_cau1] INFO  o.eclipse.m2e.core.internal.Bundles - 	Entry: D:\Download\Spring boot\sts-4.18.0.RELEASE\plugins\org.eclipse.m2e.maven.runtime_3.8.701.20230209-1606\jars\maven-settings-builder-3.8.7.jar
2023-03-22 23:10:38,825 [Worker-10: Launching Executing clean in D__H?c k? 6 (2022-2023)_Công ngh? Java_Th?c hành_Lab 6_cau1] INFO  o.eclipse.m2e.core.internal.Bundles - 	Entry: D:\Download\Spring boot\sts-4.18.0.RELEASE\plugins\org.eclipse.m2e.maven.runtime_3.8.701.20230209-1606\jars\maven-shared-utils-3.3.4.jar
2023-03-22 23:10:38,826 [Worker-10: Launching Executing clean in D__H?c k? 6 (2022-2023)_Công ngh? Java_Th?c hành_Lab 6_cau1] INFO  o.eclipse.m2e.core.internal.Bundles - 	Entry: D:\Download\Spring boot\sts-4.18.0.RELEASE\plugins\org.eclipse.m2e.maven.runtime_3.8.701.20230209-1606\jars\okhttp-3.14.1.jar
2023-03-22 23:10:38,826 [Worker-10: Launching Executing clean in D__H?c k? 6 (2022-2023)_Công ngh? Java_Th?c hành_Lab 6_cau1] INFO  o.eclipse.m2e.core.internal.Bundles - 	Entry: D:\Download\Spring boot\sts-4.18.0.RELEASE\plugins\org.eclipse.m2e.maven.runtime_3.8.701.20230209-1606\jars\okio-1.17.3.jar
2023-03-22 23:10:38,826 [Worker-10: Launching Executing clean in D__H?c k? 6 (2022-2023)_Công ngh? Java_Th?c hành_Lab 6_cau1] INFO  o.eclipse.m2e.core.internal.Bundles - 	Entry: D:\Download\Spring boot\sts-4.18.0.RELEASE\plugins\org.eclipse.m2e.maven.runtime_3.8.701.20230209-1606\jars\org.eclipse.sisu.inject-0.3.5.jar
2023-03-22 23:10:38,827 [Worker-10: Launching Executing clean in D__H?c k? 6 (2022-2023)_Công ngh? Java_Th?c hành_Lab 6_cau1] INFO  o.eclipse.m2e.core.internal.Bundles - 	Entry: D:\Download\Spring boot\sts-4.18.0.RELEASE\plugins\org.eclipse.m2e.maven.runtime_3.8.701.20230209-1606\jars\org.eclipse.sisu.plexus-0.3.5.jar
2023-03-22 23:10:38,827 [Worker-10: Launching Executing clean in D__H?c k? 6 (2022-2023)_Công ngh? Java_Th?c hành_Lab 6_cau1] INFO  o.eclipse.m2e.core.internal.Bundles - 	Entry: D:\Download\Spring boot\sts-4.18.0.RELEASE\plugins\org.eclipse.m2e.maven.runtime_3.8.701.20230209-1606\jars\plexus-build-api-0.0.7.jar
2023-03-22 23:10:38,827 [Worker-10: Launching Executing clean in D__H?c k? 6 (2022-2023)_Công ngh? Java_Th?c hành_Lab 6_cau1] INFO  o.eclipse.m2e.core.internal.Bundles - 	Entry: D:\Download\Spring boot\sts-4.18.0.RELEASE\plugins\org.eclipse.m2e.maven.runtime_3.8.701.20230209-1606\jars\plexus-cipher-2.0.jar
2023-03-22 23:10:38,828 [Worker-10: Launching Executing clean in D__H?c k? 6 (2022-2023)_Công ngh? Java_Th?c hành_Lab 6_cau1] INFO  o.eclipse.m2e.core.internal.Bundles - 	Entry: D:\Download\Spring boot\sts-4.18.0.RELEASE\plugins\org.eclipse.m2e.maven.runtime_3.8.701.20230209-1606\jars\plexus-classworlds-2.6.0.jar
2023-03-22 23:10:38,828 [Worker-10: Launching Executing clean in D__H?c k? 6 (2022-2023)_Công ngh? Java_Th?c hành_Lab 6_cau1] INFO  o.eclipse.m2e.core.internal.Bundles - 	Entry: D:\Download\Spring boot\sts-4.18.0.RELEASE\plugins\org.eclipse.m2e.maven.runtime_3.8.701.20230209-1606\jars\plexus-component-annotations-2.1.0.jar
2023-03-22 23:10:38,828 [Worker-10: Launching Executing clean in D__H?c k? 6 (2022-2023)_Công ngh? Java_Th?c hành_Lab 6_cau1] INFO  o.eclipse.m2e.core.internal.Bundles - 	Entry: D:\Download\Spring boot\sts-4.18.0.RELEASE\plugins\org.eclipse.m2e.maven.runtime_3.8.701.20230209-1606\jars\plexus-interpolation-1.26.jar
2023-03-22 23:10:38,829 [Worker-10: Launching Executing clean in D__H?c k? 6 (2022-2023)_Công ngh? Java_Th?c hành_Lab 6_cau1] INFO  o.eclipse.m2e.core.internal.Bundles - 	Entry: D:\Download\Spring boot\sts-4.18.0.RELEASE\plugins\org.eclipse.m2e.maven.runtime_3.8.701.20230209-1606\jars\plexus-sec-dispatcher-2.0.jar
2023-03-22 23:10:38,829 [Worker-10: Launching Executing clean in D__H?c k? 6 (2022-2023)_Công ngh? Java_Th?c hành_Lab 6_cau1] INFO  o.eclipse.m2e.core.internal.Bundles - 	Entry: D:\Download\Spring boot\sts-4.18.0.RELEASE\plugins\org.eclipse.m2e.maven.runtime_3.8.701.20230209-1606\jars\plexus-utils-3.3.1.jar
2023-03-22 23:10:38,829 [Worker-10: Launching Executing clean in D__H?c k? 6 (2022-2023)_Công ngh? Java_Th?c hành_Lab 6_cau1] INFO  o.eclipse.m2e.core.internal.Bundles - 	Entry: D:\Download\Spring boot\sts-4.18.0.RELEASE\plugins\org.eclipse.m2e.maven.runtime_3.8.701.20230209-1606\jars\wagon-file-3.5.3.jar
2023-03-22 23:10:38,829 [Worker-10: Launching Executing clean in D__H?c k? 6 (2022-2023)_Công ngh? Java_Th?c hành_Lab 6_cau1] INFO  o.eclipse.m2e.core.internal.Bundles - 	Entry: D:\Download\Spring boot\sts-4.18.0.RELEASE\plugins\org.eclipse.m2e.maven.runtime_3.8.701.20230209-1606\jars\wagon-provider-api-3.5.3.jar
2023-03-22 23:10:38,833 [Worker-10: Launching Executing clean in D__H?c k? 6 (2022-2023)_Công ngh? Java_Th?c hành_Lab 6_cau1] INFO  o.eclipse.m2e.core.internal.Bundles - getClasspathEntries(Bundle=com.google.guava_31.1.0.jre [23])
2023-03-22 23:10:38,834 [Worker-10: Launching Executing clean in D__H?c k? 6 (2022-2023)_Công ngh? Java_Th?c hành_Lab 6_cau1] INFO  o.eclipse.m2e.core.internal.Bundles - 	Entry: D:\Download\Spring boot\sts-4.18.0.RELEASE\plugins\com.google.guava_31.1.0.jre.jar
2023-03-22 23:10:38,835 [Worker-10: Launching Executing clean in D__H?c k? 6 (2022-2023)_Công ngh? Java_Th?c hành_Lab 6_cau1] INFO  o.eclipse.m2e.core.internal.Bundles - getClasspathEntries(Bundle=slf4j.api_1.7.36 [580])
2023-03-22 23:10:38,837 [Worker-10: Launching Executing clean in D__H?c k? 6 (2022-2023)_Công ngh? Java_Th?c hành_Lab 6_cau1] INFO  o.eclipse.m2e.core.internal.Bundles - 	Entry: D:\Download\Spring boot\sts-4.18.0.RELEASE\plugins\slf4j.api_1.7.36.jar
2023-03-22 23:10:38,837 [Worker-10: Launching Executing clean in D__H?c k? 6 (2022-2023)_Công ngh? Java_Th?c hành_Lab 6_cau1] INFO  o.eclipse.m2e.core.internal.Bundles - getClasspathEntries(Bundle=javax.inject_1.0.0.v20220405-0441 [50])
2023-03-22 23:10:38,840 [Worker-10: Launching Executing clean in D__H?c k? 6 (2022-2023)_Công ngh? Java_Th?c hành_Lab 6_cau1] INFO  o.eclipse.m2e.core.internal.Bundles - 	Entry: D:\Download\Spring boot\sts-4.18.0.RELEASE\plugins\javax.inject_1.0.0.v20220405-0441.jar
2023-03-22 23:10:38,841 [Worker-10: Launching Executing clean in D__H?c k? 6 (2022-2023)_Công ngh? Java_Th?c hành_Lab 6_cau1] INFO  o.eclipse.m2e.core.internal.Bundles - getClasspathEntries(Bundle=javax.annotation_1.3.5.v20221203-1659 [48])
2023-03-22 23:10:38,843 [Worker-10: Launching Executing clean in D__H?c k? 6 (2022-2023)_Công ngh? Java_Th?c hành_Lab 6_cau1] INFO  o.eclipse.m2e.core.internal.Bundles - 	Entry: D:\Download\Spring boot\sts-4.18.0.RELEASE\plugins\javax.annotation_1.3.5.v20221203-1659.jar
2023-03-22 23:10:38,843 [Worker-10: Launching Executing clean in D__H?c k? 6 (2022-2023)_Công ngh? Java_Th?c hành_Lab 6_cau1] INFO  o.eclipse.m2e.core.internal.Bundles - getClasspathEntries(Bundle=org.apache.commons.cli_1.4.0.v20221112-0806 [73])
2023-03-22 23:10:38,846 [Worker-10: Launching Executing clean in D__H?c k? 6 (2022-2023)_Công ngh? Java_Th?c hành_Lab 6_cau1] INFO  o.eclipse.m2e.core.internal.Bundles - 	Entry: D:\Download\Spring boot\sts-4.18.0.RELEASE\plugins\org.apache.commons.cli_1.4.0.v20221112-0806.jar
2023-03-22 23:10:38,846 [Worker-10: Launching Executing clean in D__H?c k? 6 (2022-2023)_Công ngh? Java_Th?c hành_Lab 6_cau1] INFO  o.eclipse.m2e.core.internal.Bundles - getClasspathEntries(Bundle=com.google.guava.failureaccess_1.0.1 [25])
2023-03-22 23:10:38,848 [Worker-10: Launching Executing clean in D__H?c k? 6 (2022-2023)_Công ngh? Java_Th?c hành_Lab 6_cau1] INFO  o.eclipse.m2e.core.internal.Bundles - 	Entry: D:\Download\Spring boot\sts-4.18.0.RELEASE\plugins\com.google.guava.failureaccess_1.0.1.jar
2023-03-22 23:10:38,866 [Worker-10: Launching Executing clean in D__H?c k? 6 (2022-2023)_Công ngh? Java_Th?c hành_Lab 6_cau1] INFO  o.e.m.i.launch.MavenLaunchDelegate - Run build in "D:\H?c k? 6 (2022-2023)\Công ngh? Java\Th?c hành\Lab 6\cau1":
2023-03-22 23:10:38,873 [Worker-10: Launching Executing clean in D__H?c k? 6 (2022-2023)_Công ngh? Java_Th?c hành_Lab 6_cau1] INFO  o.e.m.i.launch.MavenLaunchDelegate -  mvn  -B -Dstyle.color=always clean
2023-03-22 23:10:53,197 [Worker-1: Launching Executing install in D__H?c k? 6 (2022-2023)_Công ngh? Java_Th?c hành_Lab 6_cau1] INFO  o.e.m.i.launch.MavenLaunchDelegate - Run build in "D:\H?c k? 6 (2022-2023)\Công ngh? Java\Th?c hành\Lab 6\cau1":
2023-03-22 23:10:53,198 [Worker-1: Launching Executing install in D__H?c k? 6 (2022-2023)_Công ngh? Java_Th?c hành_Lab 6_cau1] INFO  o.e.m.i.launch.MavenLaunchDelegate -  mvn  -B -Dstyle.color=always install
2023-03-22 23:11:25,549 [Worker-5: Updating Maven Project] INFO  o.e.m.c.i.p.ProjectConfigurationManager - Update started
2023-03-22 23:11:26,198 [Worker-5: Updating Maven Project] INFO  o.e.m.c.i.l.LifecycleMappingFactory - Using org.eclipse.m2e.jdt.JarLifecycleMapping lifecycle mapping for MavenProject: com.example:cau1:0.0.1-SNAPSHOT @ D:\H?c k? 6 (2022-2023)\Công ngh? Java\Th?c hành\Lab 6\cau1\pom.xml.
2023-03-22 23:11:27,931 [Worker-5: Updating Maven Project] INFO  o.e.m.j.i.AbstractJavaProjectConfigurator - Adding source folder /cau1/src/main/java
2023-03-22 23:11:27,932 [Worker-5: Updating Maven Project] INFO  o.e.m.j.i.AbstractJavaProjectConfigurator - Adding resource folder /cau1/src/main/resources
2023-03-22 23:11:27,933 [Worker-5: Updating Maven Project] INFO  o.e.m.j.i.AbstractJavaProjectConfigurator - Adding resource folder /cau1/src/main/resources
2023-03-22 23:11:27,934 [Worker-5: Updating Maven Project] INFO  o.e.m.j.i.AbstractJavaProjectConfigurator - Adding source folder /cau1/src/test/java
2023-03-22 23:11:28,567 [Worker-5: Updating Maven Project] INFO  o.e.m.c.i.p.ProjectConfigurationManager - Update completed for 1 poms: local refresh takes 0.00 sec, refresh facades takes 2.00 sec, update config takes 0.00 sec 
2023-03-22 23:11:29,372 [Worker-0: Building] INFO  o.e.m.c.i.embedder.EclipseLogger - Using 'UTF-8' encoding to copy filtered resources.
2023-03-22 23:11:29,372 [Worker-0: Building] INFO  o.e.m.c.i.embedder.EclipseLogger - Using 'UTF-8' encoding to copy filtered properties files.
2023-03-22 23:11:29,373 [Worker-0: Building] INFO  o.e.m.c.i.embedder.EclipseLogger - Copying 1 resource
2023-03-22 23:11:29,408 [Worker-0: Building] INFO  o.e.m.c.i.embedder.EclipseLogger - Copying 1 resource
2023-03-22 23:11:29,423 [Worker-0: Building] INFO  o.e.m.c.i.embedder.EclipseLogger - Using 'UTF-8' encoding to copy filtered resources.
2023-03-22 23:11:29,424 [Worker-0: Building] INFO  o.e.m.c.i.embedder.EclipseLogger - Using 'UTF-8' encoding to copy filtered properties files.
2023-03-22 23:11:29,424 [Worker-0: Building] INFO  o.e.m.c.i.embedder.EclipseLogger - skip non existing resourceDirectory D:\H?c k? 6 (2022-2023)\Công ngh? Java\Th?c hành\Lab 6\cau1\src\test\resources
